<?xml version="1.0" encoding="UTF-8"?>
<!-- Generated by org.testng.reporters.JUnitXMLReporter -->
<testsuite hostname="DESKTOP-EVNNH1F" ignored="0" name="Trea365 ERP App Test Cases" tests="10" failures="1" timestamp="23 Jul 2018 08:52:19 GMT" time="222.902" errors="0">
  <testcase name="loginPageTitleTest" time="0.011" classname="com.erp.qa.testcases.LoginPageTest"/>
  <testcase name="verifyHomePageTitleTest" time="6.188" classname="com.erp.qa.testcases.HomePageTest"/>
  <testcase name="AddBusinessTypeTest" time="8.979" classname="com.erp.qa.testcases.BusinessNaturePageTest"/>
  <testcase name="loginTest" time="0.415" classname="com.erp.qa.testcases.LoginPageTest"/>
  <testcase name="verifyUserNameTest" time="3.388" classname="com.erp.qa.testcases.HomePageTest"/>
  <testcase name="VerifySearchBuType" time="6.201" classname="com.erp.qa.testcases.BusinessNaturePageTest"/>
  <testcase name="InvalidloginTest" time="1.94" classname="com.erp.qa.testcases.LoginPageTest"/>
  <testcase name="verifyNatureOfBusinessLinkTest" time="3.391" classname="com.erp.qa.testcases.HomePageTest"/>
  <testcase name="EditBusinessTypeTest" time="14.551" classname="com.erp.qa.testcases.BusinessNaturePageTest">
    <failure type="java.lang.AssertionError" message="Edited BU text not matched: expected [TestBUNew] but found [TestBU]">
      <![CDATA[java.lang.AssertionError: Edited BU text not matched: expected [TestBUNew] but found [TestBU]
	at com.erp.qa.testcases.BusinessNaturePageTest.EditBusinessTypeTest(BusinessNaturePageTest.java:57)
... Removed 30 stack frames]]>
    </failure>
  </testcase> <!-- EditBusinessTypeTest -->
  <testcase name="DeleteBuTypeTest" time="7.949" classname="com.erp.qa.testcases.BusinessNaturePageTest"/>
</testsuite> <!-- Trea365 ERP App Test Cases -->
